#-----------------------------------------------------------
# Vivado v2020.2 (64-bit)
# SW Build 3064766 on Wed Nov 18 09:12:45 MST 2020
# IP Build 3064653 on Wed Nov 18 14:17:31 MST 2020
# Start of session at: Thu Mar  9 09:03:23 2023
# Process ID: 12564
# Current directory: C:/Xilinx/projects/PROJET/s4InfoAtelier4/s4InfoAtelier4
# Command line: vivado.exe -gui_launcher_event rodinguilauncherevent22352 C:\Xilinx\projects\PROJET\s4InfoAtelier4\s4InfoAtelier4\s4InfoAtelier4.xpr
# Log file: C:/Xilinx/projects/PROJET/s4InfoAtelier4/s4InfoAtelier4/vivado.log
# Journal file: C:/Xilinx/projects/PROJET/s4InfoAtelier4/s4InfoAtelier4\vivado.jou
#-----------------------------------------------------------
start_gui
open_project C:/Xilinx/projects/PROJET/s4InfoAtelier4/s4InfoAtelier4/s4InfoAtelier4.xpr
INFO: [Project 1-313] Project file moved from 'C:/Travail/s4InfoAtelier4' since last save.
WARNING: [filemgmt 56-2] IP Repository Path: Could not find the directory 'C:/Xilinx/projects/PROJET/s4InfoAtelier4/s4InfoAtelier4/s4InfoAtelier4.ipdefs/mycolorRegister_1.0', nor could it be found using path 'C:/Travail/s4InfoAtelier4/s4InfoAtelier4.ipdefs/mycolorRegister_1.0'.
WARNING: [filemgmt 56-2] IP Repository Path: Could not find the directory 'C:/Xilinx/projects/PROJET/s4InfoAtelier4/s4InfoAtelier4/s4InfoAtelier4.ipdefs/pixelDataToVideoStream_1.0', nor could it be found using path 'C:/Travail/s4InfoAtelier4/s4InfoAtelier4.ipdefs/pixelDataToVideoStream_1.0'.
WARNING: [filemgmt 56-2] IP Repository Path: Could not find the directory 'C:/Xilinx/projects/PROJET/s4InfoAtelier4/s4InfoAtelier4/s4InfoAtelier4.ipdefs/rgb2dvi', nor could it be found using path 'C:/Travail/s4InfoAtelier4/s4InfoAtelier4.ipdefs/rgb2dvi'.
WARNING: [filemgmt 56-2] IP Repository Path: Could not find the directory 'C:/Xilinx/projects/PROJET/s4InfoAtelier4/s4InfoAtelier4/s4InfoAtelier4.ipdefs/tmds_v1_0', nor could it be found using path 'C:/Travail/s4InfoAtelier4/s4InfoAtelier4.ipdefs/tmds_v1_0'.
WARNING: [filemgmt 56-2] IPUserFilesDir: Could not find the directory 'C:/Xilinx/projects/PROJET/s4InfoAtelier4/s4InfoAtelier4/s4InfoAtelier4.ip_user_files', nor could it be found using path 'C:/Travail/s4InfoAtelier4/s4InfoAtelier4.ip_user_files'.
CRITICAL WARNING: [Project 1-311] Could not find the file 'C:/Xilinx/projects/PROJET/s4InfoAtelier4/s4InfoAtelier4/s4InfoAtelier4.srcs/sources_1/imports/new/testPatternGen2.vhd', nor could it be found using path 'C:/Travail/s4InfoAtelier4/s4InfoAtelier4.srcs/sources_1/imports/new/testPatternGen2.vhd'.
CRITICAL WARNING: [Project 1-311] Could not find the file 'C:/Xilinx/projects/PROJET/s4InfoAtelier4/s4InfoAtelier4/s4InfoAtelier4.srcs/sources_1/bd/atelier4/atelier4.bd', nor could it be found using path 'C:/Travail/s4InfoAtelier4/s4InfoAtelier4.srcs/sources_1/bd/atelier4/atelier4.bd'.
CRITICAL WARNING: [Project 1-311] Could not find the file 'C:/Xilinx/projects/PROJET/s4InfoAtelier4/s4InfoAtelier4/s4InfoAtelier4.srcs/sources_1/imports/atelier4_wrapper.vhd', nor could it be found using path 'C:/Travail/s4InfoAtelier4/s4InfoAtelier4.srcs/sources_1/imports/atelier4_wrapper.vhd'.
CRITICAL WARNING: [Project 1-311] Could not find the file 'C:/Xilinx/projects/PROJET/s4InfoAtelier4/s4InfoAtelier4/s4InfoAtelier4.srcs/constrs_1/imports/new/atelier4Constraints.xdc', nor could it be found using path 'C:/Travail/s4InfoAtelier4/s4InfoAtelier4.srcs/constrs_1/imports/new/atelier4Constraints.xdc'.
Scanning sources...
Finished scanning sources
WARNING: [Project 1-509] GeneratedRun file for 'synth_1' not found
WARNING: [Project 1-509] GeneratedRun file for 'atelier4_axi_vdma_0_0_synth_1' not found
WARNING: [Project 1-509] GeneratedRun file for 'atelier4_processing_system7_0_0_synth_1' not found
WARNING: [Project 1-509] GeneratedRun file for 'atelier4_testPatternGen2_0_0_synth_1' not found
WARNING: [Project 1-509] GeneratedRun file for 'atelier4_pixelDataToVideoStre_0_3_synth_1' not found
WARNING: [Project 1-509] GeneratedRun file for 'atelier4_v_proc_ss_0_0_synth_1' not found
WARNING: [Project 1-509] GeneratedRun file for 'bd_0837_hsc_0_synth_1' not found
WARNING: [Project 1-509] GeneratedRun file for 'bd_0837_vsc_0_synth_1' not found
WARNING: [Project 1-509] GeneratedRun file for 'impl_1' not found
WARNING: [Project 1-533] File 'C:/Xilinx/projects/PROJET/s4InfoAtelier4/s4InfoAtelier4/s4InfoAtelier4.srcs/sources_1/bd/atelier4/ip/atelier4_testPatternGen2_0_0/atelier4_testPatternGen2_0_0.xci' could not be found in the subdesign 'C:/Xilinx/projects/PROJET/s4InfoAtelier4/s4InfoAtelier4/s4InfoAtelier4.srcs/sources_1/bd/atelier4/atelier4.bd', but fileset 'atelier4_testPatternGen2_0_0' still exists. The fileset and corresponding run(s) will be deleted the next time top-level synthesis is run.
WARNING: [Project 1-533] File 'C:/Xilinx/projects/PROJET/s4InfoAtelier4/s4InfoAtelier4/s4InfoAtelier4.srcs/sources_1/bd/atelier4/ip/atelier4_v_proc_ss_0_0/atelier4_v_proc_ss_0_0.xci' could not be found in the subdesign 'C:/Xilinx/projects/PROJET/s4InfoAtelier4/s4InfoAtelier4/s4InfoAtelier4.srcs/sources_1/bd/atelier4/atelier4.bd', but fileset 'atelier4_v_proc_ss_0_0' still exists. The fileset and corresponding run(s) will be deleted the next time top-level synthesis is run.
WARNING: [Project 1-533] File 'C:/Xilinx/projects/PROJET/s4InfoAtelier4/s4InfoAtelier4/s4InfoAtelier4.srcs/sources_1/bd/atelier4/ip/atelier4_processing_system7_0_0/atelier4_processing_system7_0_0.xci' could not be found in the subdesign 'C:/Xilinx/projects/PROJET/s4InfoAtelier4/s4InfoAtelier4/s4InfoAtelier4.srcs/sources_1/bd/atelier4/atelier4.bd', but fileset 'atelier4_processing_system7_0_0' still exists. The fileset and corresponding run(s) will be deleted the next time top-level synthesis is run.
WARNING: [Project 1-533] File 'C:/Xilinx/projects/PROJET/s4InfoAtelier4/s4InfoAtelier4/s4InfoAtelier4.srcs/sources_1/bd/atelier4/ip/atelier4_axi_vdma_0_0/atelier4_axi_vdma_0_0.xci' could not be found in the subdesign 'C:/Xilinx/projects/PROJET/s4InfoAtelier4/s4InfoAtelier4/s4InfoAtelier4.srcs/sources_1/bd/atelier4/atelier4.bd', but fileset 'atelier4_axi_vdma_0_0' still exists. The fileset and corresponding run(s) will be deleted the next time top-level synthesis is run.
WARNING: [Project 1-533] File 'C:/Xilinx/projects/PROJET/s4InfoAtelier4/s4InfoAtelier4/s4InfoAtelier4.srcs/sources_1/bd/atelier4/ip/atelier4_pixelDataToVideoStre_0_3/atelier4_pixelDataToVideoStre_0_3.xci' could not be found in the subdesign 'C:/Xilinx/projects/PROJET/s4InfoAtelier4/s4InfoAtelier4/s4InfoAtelier4.srcs/sources_1/bd/atelier4/atelier4.bd', but fileset 'atelier4_pixelDataToVideoStre_0_3' still exists. The fileset and corresponding run(s) will be deleted the next time top-level synthesis is run.
WARNING: [Project 1-533] File 'C:/Xilinx/projects/PROJET/s4InfoAtelier4/s4InfoAtelier4/s4InfoAtelier4.srcs/sources_1/bd/atelier4/ip/ip_2/bd_0837_hsc_0.xci' could not be found in the subdesign 'C:/Xilinx/projects/PROJET/s4InfoAtelier4/s4InfoAtelier4/s4InfoAtelier4.srcs/sources_1/bd/atelier4/atelier4.bd', but fileset 'bd_0837_hsc_0' still exists. The fileset and corresponding run(s) will be deleted the next time top-level synthesis is run.
WARNING: [Project 1-533] File 'C:/Xilinx/projects/PROJET/s4InfoAtelier4/s4InfoAtelier4/s4InfoAtelier4.srcs/sources_1/bd/atelier4/ip/ip_1/bd_0837_vsc_0.xci' could not be found in the subdesign 'C:/Xilinx/projects/PROJET/s4InfoAtelier4/s4InfoAtelier4/s4InfoAtelier4.srcs/sources_1/bd/atelier4/atelier4.bd', but fileset 'bd_0837_vsc_0' still exists. The fileset and corresponding run(s) will be deleted the next time top-level synthesis is run.
INFO: [IP_Flow 19-234] Refreshing IP repositories
WARNING: [IP_Flow 19-2248] Failed to load user IP repository 'c:/Xilinx/projects/PROJET/s4InfoAtelier4/s4InfoAtelier4/s4InfoAtelier4.ipdefs/mycolorRegister_1.0'; Can't find the specified path.
If this directory should no longer be in your list of user repositories, go to the IP Settings dialog and remove it.
WARNING: [IP_Flow 19-2248] Failed to load user IP repository 'c:/Xilinx/projects/PROJET/s4InfoAtelier4/s4InfoAtelier4/s4InfoAtelier4.ipdefs/pixelDataToVideoStream_1.0'; Can't find the specified path.
If this directory should no longer be in your list of user repositories, go to the IP Settings dialog and remove it.
WARNING: [IP_Flow 19-2248] Failed to load user IP repository 'c:/Xilinx/projects/PROJET/s4InfoAtelier4/s4InfoAtelier4/s4InfoAtelier4.ipdefs/rgb2dvi'; Can't find the specified path.
If this directory should no longer be in your list of user repositories, go to the IP Settings dialog and remove it.
WARNING: [IP_Flow 19-2248] Failed to load user IP repository 'c:/Xilinx/projects/PROJET/s4InfoAtelier4/s4InfoAtelier4/s4InfoAtelier4.ipdefs/tmds_v1_0'; Can't find the specified path.
If this directory should no longer be in your list of user repositories, go to the IP Settings dialog and remove it.
INFO: [IP_Flow 19-2313] Loaded Vivado IP repository 'C:/Xilinx/Vivado/2020.2/data/ip'.
open_project: Time (s): cpu = 00:00:13 ; elapsed = 00:00:20 . Memory (MB): peak = 1092.234 ; gain = 0.000
update_compile_order -fileset sources_1
update_compile_order -fileset sources_1
close_project
open_project C:/test/s4InfoAtelier4.xpr
INFO: [Project 1-313] Project file moved from 'C:/Xilinx/projects/PROJET/s4InfoAtelier4/s4InfoAtelier4' since last save.
INFO: [filemgmt 56-1] IP Repository Path: Directory not found as 'C:/test/s4InfoAtelier4.ipdefs/mycolorRegister_1.0'; using path 'C:/Xilinx/projects/PROJET/s4InfoAtelier4/s4InfoAtelier4/s4InfoAtelier4.ipdefs/mycolorRegister_1.0' instead.
INFO: [filemgmt 56-1] IP Repository Path: Directory not found as 'C:/test/s4InfoAtelier4.ipdefs/pixelDataToVideoStream_1.0'; using path 'C:/Xilinx/projects/PROJET/s4InfoAtelier4/s4InfoAtelier4/s4InfoAtelier4.ipdefs/pixelDataToVideoStream_1.0' instead.
INFO: [filemgmt 56-1] IP Repository Path: Directory not found as 'C:/test/s4InfoAtelier4.ipdefs/rgb2dvi'; using path 'C:/Xilinx/projects/PROJET/s4InfoAtelier4/s4InfoAtelier4/s4InfoAtelier4.ipdefs/rgb2dvi' instead.
INFO: [filemgmt 56-1] IP Repository Path: Directory not found as 'C:/test/s4InfoAtelier4.ipdefs/tmds_v1_0'; using path 'C:/Xilinx/projects/PROJET/s4InfoAtelier4/s4InfoAtelier4/s4InfoAtelier4.ipdefs/tmds_v1_0' instead.
INFO: [filemgmt 56-1] IPUserFilesDir: Directory not found as 'C:/test/s4InfoAtelier4.ip_user_files'; using path 'C:/Xilinx/projects/PROJET/s4InfoAtelier4/s4InfoAtelier4/s4InfoAtelier4.ip_user_files' instead.
WARNING: [BD 41-2576] File 'c:/test/s4InfoAtelier4.gen/sources_1/bd/atelier4/atelier4_ooc.xdc' referenced by design 'atelier4' could not be found.
WARNING: [BD 41-2576] File 'c:/test/s4InfoAtelier4.gen/sources_1/bd/atelier4/hw_handoff/atelier4.hwh' referenced by design 'atelier4' could not be found.
WARNING: [BD 41-2576] File 'c:/test/s4InfoAtelier4.gen/sources_1/bd/atelier4/atelier4.bda' referenced by design 'atelier4' could not be found.
WARNING: [BD 41-2576] File 'c:/test/s4InfoAtelier4.gen/sources_1/bd/atelier4/synth/atelier4.hwdef' referenced by design 'atelier4' could not be found.
WARNING: [BD 41-2576] File 'c:/test/s4InfoAtelier4.gen/sources_1/bd/atelier4/sim/atelier4.protoinst' referenced by design 'atelier4' could not be found.
Scanning sources...
Finished scanning sources
WARNING: [Project 1-509] GeneratedRun file for 'synth_1' not found
WARNING: [Project 1-509] GeneratedRun file for 'atelier4_axi_vdma_0_0_synth_1' not found
WARNING: [Project 1-509] GeneratedRun file for 'atelier4_processing_system7_0_0_synth_1' not found
WARNING: [Project 1-509] GeneratedRun file for 'atelier4_testPatternGen2_0_0_synth_1' not found
WARNING: [Project 1-509] GeneratedRun file for 'atelier4_pixelDataToVideoStre_0_3_synth_1' not found
WARNING: [Project 1-509] GeneratedRun file for 'atelier4_v_proc_ss_0_0_synth_1' not found
WARNING: [Project 1-509] GeneratedRun file for 'bd_0837_hsc_0_synth_1' not found
WARNING: [Project 1-509] GeneratedRun file for 'bd_0837_vsc_0_synth_1' not found
WARNING: [Project 1-509] GeneratedRun file for 'impl_1' not found
INFO: [IP_Flow 19-234] Refreshing IP repositories
INFO: [IP_Flow 19-1700] Loaded user IP repository 'c:/Xilinx/projects/PROJET/s4InfoAtelier4/s4InfoAtelier4/s4InfoAtelier4.ipdefs/mycolorRegister_1.0'.
INFO: [IP_Flow 19-1700] Loaded user IP repository 'c:/Xilinx/projects/PROJET/s4InfoAtelier4/s4InfoAtelier4/s4InfoAtelier4.ipdefs/pixelDataToVideoStream_1.0'.
INFO: [IP_Flow 19-1700] Loaded user IP repository 'c:/Xilinx/projects/PROJET/s4InfoAtelier4/s4InfoAtelier4/s4InfoAtelier4.ipdefs/rgb2dvi'.
INFO: [IP_Flow 19-1700] Loaded user IP repository 'c:/Xilinx/projects/PROJET/s4InfoAtelier4/s4InfoAtelier4/s4InfoAtelier4.ipdefs/tmds_v1_0'.
INFO: [IP_Flow 19-2313] Loaded Vivado IP repository 'C:/Xilinx/Vivado/2020.2/data/ip'.
CRITICAL WARNING: [PSU-1]  Parameter : PCW_UIPARAM_DDR_DQS_TO_CLK_DELAY_0 has negative value -0.050 . PS DDR interfaces might fail when entering negative DQS skew values. 
CRITICAL WARNING: [PSU-2]  Parameter : PCW_UIPARAM_DDR_DQS_TO_CLK_DELAY_1 has negative value -0.044 . PS DDR interfaces might fail when entering negative DQS skew values. 
CRITICAL WARNING: [PSU-3]  Parameter : PCW_UIPARAM_DDR_DQS_TO_CLK_DELAY_2 has negative value -0.035 . PS DDR interfaces might fail when entering negative DQS skew values. 
CRITICAL WARNING: [PSU-4]  Parameter : PCW_UIPARAM_DDR_DQS_TO_CLK_DELAY_3 has negative value -0.100 . PS DDR interfaces might fail when entering negative DQS skew values. 
CRITICAL WARNING: [PSU-1]  Parameter : PCW_UIPARAM_DDR_DQS_TO_CLK_DELAY_0 has negative value -0.050 . PS DDR interfaces might fail when entering negative DQS skew values. 
CRITICAL WARNING: [PSU-2]  Parameter : PCW_UIPARAM_DDR_DQS_TO_CLK_DELAY_1 has negative value -0.044 . PS DDR interfaces might fail when entering negative DQS skew values. 
CRITICAL WARNING: [PSU-3]  Parameter : PCW_UIPARAM_DDR_DQS_TO_CLK_DELAY_2 has negative value -0.035 . PS DDR interfaces might fail when entering negative DQS skew values. 
CRITICAL WARNING: [PSU-4]  Parameter : PCW_UIPARAM_DDR_DQS_TO_CLK_DELAY_3 has negative value -0.100 . PS DDR interfaces might fail when entering negative DQS skew values. 
CRITICAL WARNING: [PSU-1]  Parameter : PCW_UIPARAM_DDR_DQS_TO_CLK_DELAY_0 has negative value -0.050 . PS DDR interfaces might fail when entering negative DQS skew values. 
CRITICAL WARNING: [PSU-2]  Parameter : PCW_UIPARAM_DDR_DQS_TO_CLK_DELAY_1 has negative value -0.044 . PS DDR interfaces might fail when entering negative DQS skew values. 
CRITICAL WARNING: [PSU-3]  Parameter : PCW_UIPARAM_DDR_DQS_TO_CLK_DELAY_2 has negative value -0.035 . PS DDR interfaces might fail when entering negative DQS skew values. 
CRITICAL WARNING: [PSU-4]  Parameter : PCW_UIPARAM_DDR_DQS_TO_CLK_DELAY_3 has negative value -0.100 . PS DDR interfaces might fail when entering negative DQS skew values. 
CRITICAL WARNING: [PSU-1]  Parameter : PCW_UIPARAM_DDR_DQS_TO_CLK_DELAY_0 has negative value -0.050 . PS DDR interfaces might fail when entering negative DQS skew values. 
CRITICAL WARNING: [PSU-2]  Parameter : PCW_UIPARAM_DDR_DQS_TO_CLK_DELAY_1 has negative value -0.044 . PS DDR interfaces might fail when entering negative DQS skew values. 
CRITICAL WARNING: [PSU-3]  Parameter : PCW_UIPARAM_DDR_DQS_TO_CLK_DELAY_2 has negative value -0.035 . PS DDR interfaces might fail when entering negative DQS skew values. 
CRITICAL WARNING: [PSU-4]  Parameter : PCW_UIPARAM_DDR_DQS_TO_CLK_DELAY_3 has negative value -0.100 . PS DDR interfaces might fail when entering negative DQS skew values. 
CRITICAL WARNING: [PSU-1]  Parameter : PCW_UIPARAM_DDR_DQS_TO_CLK_DELAY_0 has negative value -0.050 . PS DDR interfaces might fail when entering negative DQS skew values. 
CRITICAL WARNING: [PSU-2]  Parameter : PCW_UIPARAM_DDR_DQS_TO_CLK_DELAY_1 has negative value -0.044 . PS DDR interfaces might fail when entering negative DQS skew values. 
CRITICAL WARNING: [PSU-3]  Parameter : PCW_UIPARAM_DDR_DQS_TO_CLK_DELAY_2 has negative value -0.035 . PS DDR interfaces might fail when entering negative DQS skew values. 
CRITICAL WARNING: [PSU-4]  Parameter : PCW_UIPARAM_DDR_DQS_TO_CLK_DELAY_3 has negative value -0.100 . PS DDR interfaces might fail when entering negative DQS skew values. 
INFO: [Ipptcl 7-1463] No Compatible Board Interface found. Board Tab not created in customize GUI
open_project: Time (s): cpu = 00:00:13 ; elapsed = 00:00:20 . Memory (MB): peak = 1263.617 ; gain = 171.383
update_compile_order -fileset sources_1
exit
INFO: [Common 17-206] Exiting Vivado at Thu Mar  9 09:17:53 2023...
