Copyright 1986-2020 Xilinx, Inc. All Rights Reserved.
------------------------------------------------------------------------------------
| Tool Version : Vivado v.2020.2 (win64) Build 3064766 Wed Nov 18 09:12:45 MST 2020
| Date         : Thu Mar 16 10:11:52 2023
| Host         : Antoine-PC running 64-bit major release  (build 9200)
| Command      : upgrade_ip
| Device       : xc7z010clg400-1
------------------------------------------------------------------------------------

Upgrade Log for IP 'atelier4_mycolorRegister_0_0'

1. Summary
----------

CAUTION (success, with warnings) in the upgrade of atelier4_mycolorRegister_0_0 (grams:gramslib:mycolorRegister:1.0) from (Rev. 2) to (Rev. 3)

After upgrade, an IP may have parameter and port differences compared to the original customization. Please review the parameters within the IP customization GUI to ensure proper functionality. Also, please review the updated IP instantiation template to ensure proper connectivity, and update your design if required.

2. Connection Warnings
----------------------

Detected external port differences while upgrading 'atelier4_mycolorRegister_0_0'. These changes may impact your design.


-Upgrade has added port 'o_imageDataC'

-Upgrade has added port 'o_imageDataD'







Copyright 1986-2020 Xilinx, Inc. All Rights Reserved.
------------------------------------------------------------------------------------
| Tool Version : Vivado v.2020.2 (win64) Build 3064766 Wed Nov 18 09:12:45 MST 2020
| Date         : Mon Jan 23 15:33:50 2023
| Host         : DESKTOP-STNSRIB running 64-bit major release  (build 9200)
| Command      : upgrade_ip
| Device       : xc7z010clg400-1
------------------------------------------------------------------------------------

Upgrade Log for IP 'atelier4_pixelDataToVideoStre_0_3'

1. Summary
----------

SUCCESS in the upgrade of atelier4_pixelDataToVideoStre_0_3 (grams:gramslib:pixelDataToVideoStream:1.0) from (Rev. 23) to (Rev. 24)

