#-----------------------------------------------------------
# Vivado v2020.2 (64-bit)
# SW Build 3064766 on Wed Nov 18 09:12:45 MST 2020
# IP Build 3064653 on Wed Nov 18 14:17:31 MST 2020
# Start of session at: Thu Mar 16 10:28:26 2023
# Process ID: 25492
# Current directory: C:/Vivado/S4-PROJET/Vivado_PPU
# Command line: vivado.exe -gui_launcher_event rodinguilauncherevent23588 C:\Vivado\S4-PROJET\Vivado_PPU\s4InfoAtelier4.xpr
# Log file: C:/Vivado/S4-PROJET/Vivado_PPU/vivado.log
# Journal file: C:/Vivado/S4-PROJET/Vivado_PPU\vivado.jou
#-----------------------------------------------------------
start_gui
open_project C:/Vivado/S4-PROJET/Vivado_PPU/s4InfoAtelier4.xpr
INFO: [Project 1-313] Project file moved from 'C:/Vivado/S4-PROJET/Vivado - PPU' since last save.
Scanning sources...
Finished scanning sources
INFO: [IP_Flow 19-234] Refreshing IP repositories
INFO: [IP_Flow 19-1700] Loaded user IP repository 'c:/Vivado/S4-PROJET/Vivado_PPU/s4InfoAtelier4.ipdefs/mycolorRegister_1.0'.
INFO: [IP_Flow 19-1700] Loaded user IP repository 'c:/Vivado/S4-PROJET/Vivado_PPU/s4InfoAtelier4.ipdefs/pixelDataToVideoStream_1.0'.
INFO: [IP_Flow 19-1700] Loaded user IP repository 'c:/Vivado/S4-PROJET/Vivado_PPU/s4InfoAtelier4.ipdefs/rgb2dvi'.
INFO: [IP_Flow 19-1700] Loaded user IP repository 'c:/Vivado/S4-PROJET/Vivado_PPU/s4InfoAtelier4.ipdefs/tmds_v1_0'.
INFO: [IP_Flow 19-2313] Loaded Vivado IP repository 'C:/Xilinx/Vivado/2020.2/data/ip'.
open_project: Time (s): cpu = 00:00:09 ; elapsed = 00:00:11 . Memory (MB): peak = 1112.469 ; gain = 0.000
update_compile_order -fileset sources_1
INFO: [Vivado 12-8231] Launching Vitis
INFO: [Vivado 12-417] Running vitis
INFO: [Vivado 12-8232] Vitis launch initiated. Please check console for any further messages.
